<?xml version="1.0" encoding="UTF-8"?>
<!-- Generated by org.testng.reporters.JUnitReportReporter -->
<testsuite skipped="0" hostname="tah-lap-7789" name="workVisaTC.WorkVisaTC" tests="2" failures="0" timestamp="13 Mar 2019 16:31:18 GMT" time="75.943" errors="0">
  <testcase name="insertDataInStepOne" time="64.326" classname="workVisaTC.WorkVisaTC"/>
  <testcase name="insertDataInStepTwo" time="11.617" classname="workVisaTC.WorkVisaTC"/>
</testsuite> <!-- workVisaTC.WorkVisaTC -->
