<?xml version="1.0" encoding="UTF-8"?>
<!-- Generated by org.testng.reporters.JUnitReportReporter -->
<testsuite skipped="0" hostname="tah-lap-7789" name="logInTest.LogInTest" tests="2" failures="0" timestamp="17 Jul 2019 16:54:50 GMT" time="11.614" errors="0">
  <testcase name="LogInVerifyElementAttribute" time="0.293" classname="logInTest.LogInTest"/>
  <testcase name="LogInApply" time="11.321" classname="logInTest.LogInTest"/>
</testsuite> <!-- logInTest.LogInTest -->
