<?xml version="1.0" encoding="UTF-8"?>
<!-- Generated by org.testng.reporters.JUnitReportReporter -->
<testsuite skipped="0" hostname="tah-lap-7789" name="landingPageTest.LandingPageTest" tests="1" failures="0" timestamp="04 May 2019 14:30:28 GMT" time="7.134" errors="0">
  <testcase name="navigateToWorkVisa" time="7.134" classname="landingPageTest.LandingPageTest"/>
</testsuite> <!-- landingPageTest.LandingPageTest -->
