<?xml version="1.0" encoding="UTF-8"?>
<!-- Generated by org.testng.reporters.JUnitReportReporter -->
<testsuite skipped="0" hostname="tah-lap-7789" name="workVisaApplicantInfoStepTest.WorkVisaApplicantInfoStepTest" tests="1" failures="0" timestamp="04 May 2019 14:30:28 GMT" time="3010.303" errors="0">
  <testcase name="insertDataApplicantInfoStep" time="3010.303" classname="workVisaApplicantInfoStepTest.WorkVisaApplicantInfoStepTest"/>
</testsuite> <!-- workVisaApplicantInfoStepTest.WorkVisaApplicantInfoStepTest -->
