<?xml version="1.0" encoding="UTF-8"?>
<!-- Generated by org.testng.reporters.JUnitReportReporter -->
<testsuite skipped="0" hostname="tah-lap-7789" name="logInTC.LogInTC" tests="6" failures="0" timestamp="13 Mar 2019 16:31:18 GMT" time="6.066" errors="0">
  <testcase name="checkPasswordPresent" time="0.047" classname="logInTC.LogInTC"/>
  <testcase name="checkEmailPresent" time="0.090" classname="logInTC.LogInTC"/>
  <testcase name="checkLogInButtonPresent" time="0.062" classname="logInTC.LogInTC"/>
  <testcase name="checkEmailProperties" time="0.074" classname="logInTC.LogInTC"/>
  <testcase name="logIn" time="0.995" classname="logInTC.LogInTC"/>
  <testcase name="closeAdBoxTC" time="4.798" classname="logInTC.LogInTC"/>
</testsuite> <!-- logInTC.LogInTC -->
