<?xml version="1.0" encoding="UTF-8"?>
<!-- Generated by org.testng.reporters.JUnitReportReporter -->
<testsuite skipped="0" hostname="tah-lap-7789" name="landingPage.LandingPageTC" tests="1" failures="0" timestamp="19 Feb 2019 18:39:14 GMT" time="0.023" errors="0">
  <testcase name="navigateToWorkVisa" time="0.023" classname="landingPage.LandingPageTC"/>
</testsuite> <!-- landingPage.LandingPageTC -->
