<?xml version="1.0" encoding="UTF-8"?>
<!-- Generated by org.testng.reporters.JUnitReportReporter -->
<testsuite skipped="0" hostname="tah-lap-7789" name="workVisaReviewStepTest.WorkVisaReviewStepTest" tests="1" failures="0" timestamp="04 May 2019 14:30:28 GMT" time="60.257" errors="0">
  <testcase name="clickNextButtonWorkVisaReviewStepTest" time="60.257" classname="workVisaReviewStepTest.WorkVisaReviewStepTest"/>
</testsuite> <!-- workVisaReviewStepTest.WorkVisaReviewStepTest -->
