<?xml version="1.0" encoding="UTF-8"?>
<!-- Generated by org.testng.reporters.JUnitReportReporter -->
<testsuite skipped="0" hostname="tah-lap-7789" name="landingPageTC.LandingPageTC" tests="1" failures="0" timestamp="13 Mar 2019 16:31:18 GMT" time="0.041" errors="0">
  <testcase name="navigateToWorkVisa" time="0.041" classname="landingPageTC.LandingPageTC"/>
</testsuite> <!-- landingPageTC.LandingPageTC -->
